<?xml version="1.0" encoding="UTF-8"?>
<testng-results skipped="0" failed="0" total="1" passed="1">
  <reporter-output>
  </reporter-output>
  <suite name="Default suite" duration-ms="131732" started-at="2018-10-16T07:47:30Z" finished-at="2018-10-16T07:49:42Z">
    <groups>
    </groups>
    <test name="Default test" duration-ms="131732" started-at="2018-10-16T07:47:30Z" finished-at="2018-10-16T07:49:42Z">
      <class name="com.cases.qqjf">
        <test-method status="PASS" signature="setUp()[pri:0, instance:com.cases.qqjf@9f70c54]" name="setUp" is-config="true" duration-ms="5000" started-at="2018-10-16T15:47:30Z" finished-at="2018-10-16T15:47:35Z">
          <reporter-output>
          </reporter-output>
        </test-method> <!-- setUp -->
        <test-method status="PASS" signature="test()[pri:0, instance:com.cases.qqjf@9f70c54]" name="test" duration-ms="126676" started-at="2018-10-16T15:47:35Z" finished-at="2018-10-16T15:49:42Z">
          <reporter-output>
          </reporter-output>
        </test-method> <!-- test -->
      </class> <!-- com.cases.qqjf -->
    </test> <!-- Default test -->
  </suite> <!-- Default suite -->
</testng-results>
